<?xml version="1.0" encoding="UTF-8"?>
<!-- Generated by org.testng.reporters.JUnitXMLReporter -->
<testsuite hostname="NP-SADEKUNLE" name="BingoGamesCategoryTest" tests="7" failures="0" timestamp="24 Mar 2017 10:32:21 GMT" time="180.688" errors="0">
  <testcase name="AllBingotest" time="34.569" classname="Games.BingoGamesCategoryTest"/>
  <testcase name="ball75patterntest" time="24.719" classname="Games.BingoGamesCategoryTest"/>
  <testcase name="ball75test" time="23.315" classname="Games.BingoGamesCategoryTest"/>
  <testcase name="ball80test" time="20.774" classname="Games.BingoGamesCategoryTest"/>
  <testcase name="ball90test" time="22.075" classname="Games.BingoGamesCategoryTest"/>
  <testcase name="bingojackpottest" time="22.174" classname="Games.BingoGamesCategoryTest"/>
  <testcase name="timetabletest" time="29.679" classname="Games.BingoGamesCategoryTest"/>
</testsuite> <!-- BingoGamesCategoryTest -->
