<?xml version="1.0" encoding="UTF-8"?>
<!-- Generated by org.testng.reporters.JUnitXMLReporter -->
<testsuite hostname="NP-SADEKUNLE" name="GamesCategoryTest" tests="7" failures="0" timestamp="24 Mar 2017 10:35:18 GMT" time="177.245" errors="0">
  <testcase name="AllBingotest" time="33.79" classname="Games.BingoGamesCategoryTest"/>
  <testcase name="ball75patterntest" time="21.568" classname="Games.BingoGamesCategoryTest"/>
  <testcase name="ball75test" time="29.516" classname="Games.BingoGamesCategoryTest"/>
  <testcase name="ball80test" time="20.209" classname="Games.BingoGamesCategoryTest"/>
  <testcase name="ball90test" time="20.512" classname="Games.BingoGamesCategoryTest"/>
  <testcase name="bingojackpottest" time="20.719" classname="Games.BingoGamesCategoryTest"/>
  <testcase name="timetabletest" time="27.492" classname="Games.BingoGamesCategoryTest"/>
</testsuite> <!-- GamesCategoryTest -->
