<?xml version="1.0" encoding="UTF-8" standalone="no"?>
<testsuite failures="0" name="cucumber.runtime.formatter.JUnitFormatter" skipped="0" tests="1" time="60.868488">
<testcase classname="PrsenterPage" name="PresenterPage" time="60.868488">
<system-out><![CDATA[Given I navigate to "siteName" on "Mozilla".................................passed
When I click on "TV_Presenter"..............................................passed
And I click on each of morelink.............................................passed
Then TitlePage should equal each PresenterTitle.............................passed
]]></system-out>
</testcase>
</testsuite>
