<?xml version="1.0" encoding="UTF-8"?>
<!-- Generated by org.testng.reporters.JUnitXMLReporter -->
<testsuite hostname="NP-SADEKUNLE" name="ForgottenDetailsTest" tests="11" failures="4" timestamp="3 Apr 2017 14:58:46 GMT" time="453.897" errors="0">
  <testcase name="ForgottenDetailstest" time="36.676" classname="Bingo_Core_SUITE.ForgottenDetailsTest"/>
  <testcase name="ForgottenDetailstest" time="30.549" classname="Bingo_Core_SUITE.ForgottenDetailsTest"/>
  <testcase name="ForgottenDetailstest" time="32.208" classname="Bingo_Core_SUITE.ForgottenDetailsTest"/>
  <testcase name="ForgottenDetailstest" time="36.085" classname="Bingo_Core_SUITE.ForgottenDetailsTest"/>
  <testcase name="ForgottenDetailstest" time="35.275" classname="Bingo_Core_SUITE.ForgottenDetailsTest"/>
  <testcase name="ForgottenDetailstest" time="47.025" classname="Bingo_Core_SUITE.ForgottenDetailsTest">
    <failure type="java.lang.AssertionError" message="Element not found - forgottenDetails_ResetPassword_NewPassword_xpath">
      <![CDATA[java.lang.AssertionError: Element not found - forgottenDetails_ResetPassword_NewPassword_xpath
	at Base.TestBase.input(TestBase.java:218)
	at Bingo_Core_SUITE.ForgottenDetailsTest.ForgottenDetailstest(ForgottenDetailsTest.java:97)
... Removed 25 stack frames]]>
    </failure>
  </testcase> <!-- ForgottenDetailstest -->
  <testcase name="ForgottenDetailstest" time="41.528" classname="Bingo_Core_SUITE.ForgottenDetailsTest"/>
  <testcase name="ForgottenDetailstest" time="52.661" classname="Bingo_Core_SUITE.ForgottenDetailsTest">
    <failure type="java.lang.AssertionError" message="Element not found - forgottenDetails_ResetPassword_NewPassword_xpath">
      <![CDATA[java.lang.AssertionError: Element not found - forgottenDetails_ResetPassword_NewPassword_xpath
	at Base.TestBase.input(TestBase.java:218)
	at Bingo_Core_SUITE.ForgottenDetailsTest.ForgottenDetailstest(ForgottenDetailsTest.java:97)
... Removed 25 stack frames]]>
    </failure>
  </testcase> <!-- ForgottenDetailstest -->
  <testcase name="ForgottenDetailstest" time="42.287" classname="Bingo_Core_SUITE.ForgottenDetailsTest"/>
  <testcase name="ForgottenDetailstest" time="47.197" classname="Bingo_Core_SUITE.ForgottenDetailsTest">
    <failure type="java.lang.AssertionError" message="Element not found - forgottenDetails_ResetPassword_NewPassword_xpath">
      <![CDATA[java.lang.AssertionError: Element not found - forgottenDetails_ResetPassword_NewPassword_xpath
	at Base.TestBase.input(TestBase.java:218)
	at Bingo_Core_SUITE.ForgottenDetailsTest.ForgottenDetailstest(ForgottenDetailsTest.java:97)
... Removed 25 stack frames]]>
    </failure>
  </testcase> <!-- ForgottenDetailstest -->
  <testcase name="ForgottenDetailstest" time="47.322" classname="Bingo_Core_SUITE.ForgottenDetailsTest">
    <failure type="java.lang.AssertionError" message="Element not found - forgottenDetails_ResetPassword_NewPassword_xpath">
      <![CDATA[java.lang.AssertionError: Element not found - forgottenDetails_ResetPassword_NewPassword_xpath
	at Base.TestBase.input(TestBase.java:218)
	at Bingo_Core_SUITE.ForgottenDetailsTest.ForgottenDetailstest(ForgottenDetailsTest.java:97)
... Removed 25 stack frames]]>
    </failure>
  </testcase> <!-- ForgottenDetailstest -->
</testsuite> <!-- ForgottenDetailsTest -->
