<?xml version="1.0" encoding="UTF-8"?>
<!-- Generated by org.testng.reporters.JUnitXMLReporter -->
<testsuite hostname="NP-SADEKUNLE" name="HomePage" tests="8" failures="1" timestamp="3 Apr 2017 15:04:37 GMT" time="351.138" errors="0">
  <testcase name="BingoVertcalMenutest" time="54.133" classname="Bingo_Core_SUITE.HomePage"/>
  <testcase name="Footertest" time="92.595" classname="Bingo_Core_SUITE.HomePage"/>
  <testcase name="GamblingCommsionIcontest" time="14.829" classname="Bingo_Core_SUITE.HomePage">
    <failure type="java.lang.AssertionError" message="Element not found - hp_footerGamblingCommissionIcon_Selector">
      <![CDATA[java.lang.AssertionError: Element not found - hp_footerGamblingCommissionIcon_Selector
	at Base.TestBase.click(TestBase.java:176)
	at Bingo_Core_SUITE.HomePage.GamblingCommsionIcontest(HomePage.java:512)
... Removed 25 stack frames]]>
    </failure>
  </testcase> <!-- GamblingCommsionIcontest -->
  <testcase name="GamecareIcontest" time="15.277" classname="Bingo_Core_SUITE.HomePage"/>
  <testcase name="Headertest" time="16.887" classname="Bingo_Core_SUITE.HomePage"/>
  <testcase name="HelpVertcalMenutest" time="100.109" classname="Bingo_Core_SUITE.HomePage"/>
  <testcase name="PromotionsVertcalMenutest" time="29.722" classname="Bingo_Core_SUITE.HomePage"/>
  <testcase name="netplaytvicontest" time="23.981" classname="Bingo_Core_SUITE.HomePage"/>
</testsuite> <!-- HomePage -->
