<?xml version="1.0" encoding="UTF-8"?>
<!-- Generated by org.testng.reporters.JUnitXMLReporter -->
<testsuite hostname="NP-SADEKUNLE" name="LoginTest" tests="4" failures="0" timestamp="3 Apr 2017 14:43:20 GMT" time="55.297" errors="0">
  <testcase name="logintest" time="12.916" classname="Bingo_Core_SUITE.LoginTest"/>
  <testcase name="logintest" time="7.31" classname="Bingo_Core_SUITE.LoginTest"/>
  <testcase name="logintest" time="6.871" classname="Bingo_Core_SUITE.LoginTest"/>
  <testcase name="logintest" time="25.169" classname="Bingo_Core_SUITE.LoginTest"/>
</testsuite> <!-- LoginTest -->
