<?xml version="1.0" encoding="UTF-8"?>
<!-- Generated by org.testng.reporters.JUnitXMLReporter -->
<testsuite hostname="NP-SADEKUNLE" name="RegistrationTest" tests="12" failures="0" timestamp="3 Apr 2017 14:51:12 GMT" time="471.405" errors="0">
  <testcase name="RegistrationTest" time="38.491" classname="Bingo_Core_SUITE.RegistrationTest"/>
  <testcase name="RegistrationTest" time="37.26" classname="Bingo_Core_SUITE.RegistrationTest"/>
  <testcase name="RegistrationTest" time="36.525" classname="Bingo_Core_SUITE.RegistrationTest"/>
  <testcase name="RegistrationTest" time="34.383" classname="Bingo_Core_SUITE.RegistrationTest"/>
  <testcase name="RegistrationTest" time="34.806" classname="Bingo_Core_SUITE.RegistrationTest"/>
  <testcase name="RegistrationTest" time="34.533" classname="Bingo_Core_SUITE.RegistrationTest"/>
  <testcase name="RegistrationTest" time="40.076" classname="Bingo_Core_SUITE.RegistrationTest"/>
  <testcase name="RegistrationTest" time="44.357" classname="Bingo_Core_SUITE.RegistrationTest"/>
  <testcase name="RegistrationTest" time="38.131" classname="Bingo_Core_SUITE.RegistrationTest"/>
  <testcase name="RegistrationTest" time="36.709" classname="Bingo_Core_SUITE.RegistrationTest"/>
  <testcase name="RegistrationTest" time="38.327" classname="Bingo_Core_SUITE.RegistrationTest"/>
  <testcase name="RegistrationTest" time="50.621" classname="Bingo_Core_SUITE.RegistrationTest"/>
</testsuite> <!-- RegistrationTest -->
